<?xml version="1.0" encoding="UTF-8"?>
<testsuite xmlns:xsi="http://www.w3.org/2001/XMLSchema-instance" xsi:noNamespaceSchemaLocation="https://maven.apache.org/surefire/maven-surefire-plugin/xsd/surefire-test-report.xsd" name="org.velezreyes.quiz.Question6Test" time="0.062" tests="5" errors="3" skipped="0" failures="2">
  <properties>
[...]
</properties>
  <testcase name="drinkNotFree" classname="org.velezreyes.quiz.Question6Test" time="0.031">
    <failure message="Unexpected exception type thrown, expected: &lt;org.velezreyes.quiz.question6.NotEnoughMoneyException&gt; but was: &lt;java.lang.NullPointerException&gt;" type="org.opentest4j.AssertionFailedError"><![CDATA[org.opentest4j.AssertionFailedError: Unexpected exception type thrown, expected: <org.velezreyes.quiz.question6.NotEnoughMoneyException> but was: <java.lang.NullPointerException>
	at org.velezreyes.quiz.Question6Test.drinkNotFree(Question6Test.java:28)
Caused by: java.lang.NullPointerException: Cannot invoke "org.velezreyes.quiz.question6.VendingMachine.pressButton(String)" because "vm" is null
	at org.velezreyes.quiz.Question6Test.lambda$drinkNotFree$0(Question6Test.java:29)
	at org.velezreyes.quiz.Question6Test.drinkNotFree(Question6Test.java:28)
]]></failure>
  </testcase>
  <testcase name="canGetScottColaFor75Cents" classname="org.velezreyes.quiz.Question6Test" time="0">
    <error message="Cannot invoke &quot;org.velezreyes.quiz.question6.VendingMachine.insertQuarter()&quot; because &quot;vm&quot; is null" type="java.lang.NullPointerException">java.lang.NullPointerException: Cannot invoke "org.velezreyes.quiz.question6.VendingMachine.insertQuarter()" because "vm" is null
	at org.velezreyes.quiz.Question6Test.canGetScottColaFor75Cents(Question6Test.java:37)
</error>
  </testcase>
  <testcase name="canCreateVendingMachineInstance" classname="org.velezreyes.quiz.Question6Test" time="0">
    <failure message="expected: not &lt;null&gt;" type="org.opentest4j.AssertionFailedError"><![CDATA[org.opentest4j.AssertionFailedError: expected: not <null>
	at org.velezreyes.quiz.Question6Test.canCreateVendingMachineInstance(Question6Test.java:21)
]]></failure>
  </testcase>
  <testcase name="canGetKarenTeaForOneDollar" classname="org.velezreyes.quiz.Question6Test" time="0.016">
    <error message="Cannot invoke &quot;org.velezreyes.quiz.question6.VendingMachine.insertQuarter()&quot; because &quot;vm&quot; is null" type="java.lang.NullPointerException">java.lang.NullPointerException: Cannot invoke "org.velezreyes.quiz.question6.VendingMachine.insertQuarter()" because "vm" is null
	at org.velezreyes.quiz.Question6Test.canGetKarenTeaForOneDollar(Question6Test.java:66)
</error>
  </testcase>
  <testcase name="otherDrinksUnknown" classname="org.velezreyes.quiz.Question6Test" time="0">
    <error message="Cannot invoke &quot;org.velezreyes.quiz.question6.VendingMachine.insertQuarter()&quot; because &quot;vm&quot; is null" type="java.lang.NullPointerException">java.lang.NullPointerException: Cannot invoke "org.velezreyes.quiz.question6.VendingMachine.insertQuarter()" because "vm" is null
	at org.velezreyes.quiz.Question6Test.otherDrinksUnknown(Question6Test.java:86)
</error>
  </testcase>
</testsuite>