<?xml version="1.0" encoding="UTF-8"?>
<testsuite xmlns:xsi="http://www.w3.org/2001/XMLSchema-instance" xsi:noNamespaceSchemaLocation="https://maven.apache.org/surefire/maven-surefire-plugin/xsd/surefire-test-report.xsd" name="org.velezreyes.quiz.Question6Test" time="0.063" tests="6" errors="0" skipped="0" failures="0">
  <properties>
[...]
</properties>
  <testcase name="drinkNotFree" classname="org.velezreyes.quiz.Question6Test" time="0.031"/>
  <testcase name="canGetScottColaFor75Cents" classname="org.velezreyes.quiz.Question6Test" time="0"/>
  <testcase name="canCreateVendingMachineInstance" classname="org.velezreyes.quiz.Question6Test" time="0"/>
  <testcase name="canGetKarenTeaForOneDollar" classname="org.velezreyes.quiz.Question6Test" time="0"/>
  <testcase name="machineResets" classname="org.velezreyes.quiz.Question6Test" time="0"/>
  <testcase name="otherDrinksUnknown" classname="org.velezreyes.quiz.Question6Test" time="0"/>
</testsuite>